Arguments: 
  C:\Program Files\nodejs\node.exe C:\Users\ricar\AppData\Roaming\npm\node_modules\yarn\bin\yarn.js

PATH: 
  C:\Program Files (x86)\Common Files\Intel\Shared Libraries\redist\intel64\compiler;C:\WINDOWS;C:\WINDOWS\system32;C:\WINDOWS\System32\Wbem;C:\Program Files\Intel\iCLS Client\;C:\Program Files\Intel\Intel(R) Management Engine Components\DAL;C:\Program Files\Intel\Intel(R) Management Engine Components\IPT;C:\Program Files (x86)\Intel\iCLS Client\;C:\Program Files (x86)\Intel\Intel(R) Management Engine Components\DAL;C:\Program Files (x86)\Intel\Intel(R) Management Engine Components\IPT;C:\WINDOWS\System32\WindowsPowerShell\v1.0\;C:\WINDOWS\System32\OpenSSH\;C:\ProgramData\chocolatey\bin;C:\Program Files\nodejs\;C:\Program Files\Git\cmd;C:\Users\ricar\AppData\Local\Microsoft\WindowsApps;C:\Users\ricar\AppData\Local\Microsoft\WindowsApps;C:\Users\ricar\AppData\Local\Programs\Microsoft VS Code\bin;C:\Users\ricar\AppData\Roaming\npm;C:\Program Files\Android\Android Studio\jre;

Yarn version: 
  1.22.4

Node version: 
  12.18.0

Platform: 
  win32 x64

Trace: 
  Error: EPERM: operation not permitted, unlink 'D:\NLW\nlw-01-booster\server\node_modules\sqlite3\lib\binding\node-v72-win32-x64\node_sqlite3.node'

npm manifest: 
  {
    "name": "server",
    "version": "1.0.0",
    "description": "server",
    "main": "index.js",
    "scripts": {
      "dev": "ts-node-dev --respawn --transpileOnly --ignore-watch node_modules --no-notify src/server.ts",
      "knex:seed": "knex --knexfile knexfile.ts seed:run",
      "knex:migrate": "knex --knexfile knexfile.ts migrate:latest"
    },
    "keywords": [],
    "author": "NLW",
    "license": "MIT",
    "dependencies": {
      "celebrate": "^12.1.1",
      "cors": "^2.8.5",
      "express": "^4.17.1",
      "fs": "0.0.1-security",
      "knex": "^0.21.1",
      "multer": "^1.4.2",
      "sqlite3": "^4.2.0"
    },
    "devDependencies": {
      "@types/cors": "^2.8.6",
      "@types/express": "^4.17.6",
      "@types/hapi__joi": "^17.1.2",
      "@types/multer": "^1.4.3",
      "ts-node": "^8.10.2",
      "ts-node-dev": "^1.0.0-pre.44",
      "typescript": "^3.9.6"
    }
  }

yarn manifest: 
  No manifest

Lockfile: 
  No lockfile
